2025-11-13 18:27:09 -03:00: 
2025-11-13 18:27:09 -03:00: > atend-website@0.1.0 start
2025-11-13 18:27:09 -03:00: > next start
2025-11-13 18:27:09 -03:00: 
2025-11-13 18:27:10 -03:00:    ▲ Next.js 16.0.3
2025-11-13 18:27:10 -03:00:    - Local:         http://localhost:3000
2025-11-13 18:27:10 -03:00:    - Network:       http://192.168.1.4:3000
2025-11-13 18:27:10 -03:00: 
2025-11-13 18:27:10 -03:00:  ✓ Starting...
2025-11-13 18:27:10 -03:00:  ✓ Ready in 269ms
2025-11-13 18:29:09 -03:00: 
2025-11-13 18:29:09 -03:00: > atend-website@0.1.0 start:pm2
2025-11-13 18:29:09 -03:00: > npm run build && npm start
2025-11-13 18:29:09 -03:00: 
2025-11-13 18:29:09 -03:00: 
2025-11-13 18:29:09 -03:00: > atend-website@0.1.0 build
2025-11-13 18:29:09 -03:00: > next build
2025-11-13 18:29:09 -03:00: 
2025-11-13 18:29:09 -03:00:    ▲ Next.js 16.0.3 (Turbopack)
2025-11-13 18:29:09 -03:00: 
2025-11-13 18:29:09 -03:00:    Creating an optimized production build ...
2025-11-13 18:29:11 -03:00:  ✓ Compiled successfully in 1714.8ms
2025-11-13 18:29:11 -03:00:    Running TypeScript ...
2025-11-13 18:29:13 -03:00:    Collecting page data using 11 workers ...
2025-11-13 18:29:13 -03:00:    Generating static pages using 11 workers (0/5) ...
2025-11-13 18:29:14 -03:00:    Generating static pages using 11 workers (1/5) 
2025-11-13 18:29:14 -03:00:    Generating static pages using 11 workers (2/5) 
2025-11-13 18:29:14 -03:00:    Generating static pages using 11 workers (3/5) 
2025-11-13 18:29:14 -03:00:  ✓ Generating static pages using 11 workers (5/5) in 430.0ms
2025-11-13 18:29:14 -03:00:    Finalizing page optimization ...
2025-11-13 18:29:14 -03:00: 
2025-11-13 18:29:14 -03:00: Route (app)
2025-11-13 18:29:14 -03:00: ┌ ○ /
2025-11-13 18:29:14 -03:00: ├ ○ /_not-found
2025-11-13 18:29:14 -03:00: ├ ○ /home
2025-11-13 18:29:14 -03:00: └ ○ /icon.png
2025-11-13 18:29:14 -03:00: 
2025-11-13 18:29:14 -03:00: 
2025-11-13 18:29:14 -03:00: ○  (Static)  prerendered as static content
2025-11-13 18:29:14 -03:00: 
2025-11-13 18:29:14 -03:00: 
2025-11-13 18:29:14 -03:00: > atend-website@0.1.0 start
2025-11-13 18:29:14 -03:00: > next start
2025-11-13 18:29:14 -03:00: 
2025-11-13 18:29:14 -03:00:    ▲ Next.js 16.0.3
2025-11-13 18:29:14 -03:00:    - Local:         http://localhost:3000
2025-11-13 18:29:14 -03:00:    - Network:       http://192.168.1.4:3000
2025-11-13 18:29:14 -03:00: 
2025-11-13 18:29:14 -03:00:  ✓ Starting...
2025-11-13 18:29:15 -03:00:  ✓ Ready in 328ms
